#
# There is insufficient memory for the Java Runtime Environment to continue.
# Native memory allocation (mmap) failed to map 130023424 bytes. Error detail: G1 virtual space
# Possible reasons:
#   The system is out of physical RAM or swap space
#   This process is running with CompressedOops enabled, and the Java Heap may be blocking the growth of the native heap
# Possible solutions:
#   Reduce memory load on the system
#   Increase physical memory or swap space
#   Check if swap backing store is full
#   Decrease Java heap size (-Xmx/-Xms)
#   Decrease number of Java threads
#   Decrease Java thread stack sizes (-Xss)
#   Set larger code cache with -XX:ReservedCodeCacheSize=
#   JVM is running with Unscaled Compressed Oops mode in which the Java heap is
#     placed in the first 4GB address space. The Java Heap base address is the
#     maximum limit for the native heap growth. Please use -XX:HeapBaseMinAddress
#     to set the Java Heap base and to place the Java Heap above 4GB virtual address.
# This output file may be truncated or incomplete.
#
#  Out of Memory Error (os_windows.cpp:3631), pid=6020, tid=17140
#
# JRE version:  (22.0.1+8) (build )
# Java VM: Java HotSpot(TM) 64-Bit Server VM (22.0.1+8-16, mixed mode, sharing, tiered, compressed oops, compressed class ptrs, g1 gc, windows-amd64)
# No core dump will be written. Minidumps are not enabled by default on client versions of Windows
#

---------------  S U M M A R Y ------------

Command Line: BusReservationSystem

Host: 11th Gen Intel(R) Core(TM) i5-1135G7 @ 2.40GHz, 8 cores, 7G,  Windows 11 , 64 bit Build 22621 (10.0.22621.3958)
Time: Thu Oct 31 05:23:14 2024 Sri Lanka Standard Time elapsed time: 0.011629 seconds (0d 0h 0m 0s)

---------------  T H R E A D  ---------------

Current thread (0x000001f512a958d0):  JavaThread "Unknown thread" [_thread_in_vm, id=17140, stack(0x0000009352d00000,0x0000009352e00000) (1024K)]

Stack: [0x0000009352d00000,0x0000009352e00000]
Native frames: (J=compiled Java code, j=interpreted, Vv=VM code, C=native code)
V  [jvm.dll+0x6e2279]  (no source info available)
V  [jvm.dll+0x874e33]  (no source info available)
V  [jvm.dll+0x87725e]  (no source info available)
V  [jvm.dll+0x877933]  (no source info available)
V  [jvm.dll+0x27fd76]  (no source info available)
V  [jvm.dll+0x6de915]  (no source info available)
V  [jvm.dll+0x6d341a]  (no source info available)
V  [jvm.dll+0x3589da]  (no source info available)
V  [jvm.dll+0x360f06]  (no source info available)
V  [jvm.dll+0x3b3e2e]  (no source info available)
V  [jvm.dll+0x3b40d8]  (no source info available)
V  [jvm.dll+0x32c59c]  (no source info available)
V  [jvm.dll+0x32d158]  (no source info available)
V  [jvm.dll+0x83ccdc]  (no source info available)
V  [jvm.dll+0x3c0d71]  (no source info available)
V  [jvm.dll+0x825ccc]  (no source info available)
V  [jvm.dll+0x45b8fe]  (no source info available)
V  [jvm.dll+0x45d781]  (no source info available)
C  [jli.dll+0x52a3]  (no source info available)
C  [ucrtbase.dll+0x29333]  (no source info available)
C  [KERNEL32.DLL+0x1257d]  (no source info available)
C  [ntdll.dll+0x5af08]  (no source info available)


---------------  P R O C E S S  ---------------

Threads class SMR info:
_java_thread_list=0x00007ffdb791b1c8, length=0, elements={
}

Java Threads: ( => current thread )
Total: 0

Other Threads:
  0x000001f512ae5250 WorkerThread "GC Thread#0"                     [id=17156, stack(0x0000009352e00000,0x0000009352f00000) (1024K)]
  0x000001f512af5a00 ConcurrentGCThread "G1 Main Marker"            [id=3696, stack(0x0000009352f00000,0x0000009353000000) (1024K)]
  0x000001f512af86e0 WorkerThread "G1 Conc#0"                       [id=11000, stack(0x0000009353000000,0x0000009353100000) (1024K)]

[error occurred during error reporting (printing all threads), id 0xc0000005, EXCEPTION_ACCESS_VIOLATION (0xc0000005) at pc=0x00007ffdb706f367]
VM state: not at safepoint (not fully initialized)

VM Mutex/Monitor currently owned by a thread:  ([mutex/lock_event])
[0x00007ffdb799bcb8] Heap_lock - owner thread: 0x000001f512a958d0

Heap address: 0x0000000084200000, size: 1982 MB, Compressed Oops mode: 32-bit

CDS archive(s) mapped at: [0x0000000000000000-0x0000000000000000-0x0000000000000000), size 0, SharedBaseAddress: 0x0000000800000000, ArchiveRelocationMode: 1.
Narrow klass base: 0x0000000000000000, Narrow klass shift: 0, Narrow klass range: 0x0

GC Precious Log:
 CardTable entry size: 512
 Card Set container configuration: InlinePtr #cards 5 size 8 Array Of Cards #cards 12 size 40 Howl #buckets 4 coarsen threshold 1843 Howl Bitmap #cards 512 size 80 coarsen threshold 460 Card regions per heap region 1 cards per card region 2048

Heap:
 garbage-first heap   total reserved 2029568K, committed 0K, used 0K [0x0000000084200000, 0x0000000100000000)
  region size 1024K, 0 young (0K), 0 survivors (0K)

[error occurred during error reporting (printing heap information), id 0xc0000005, EXCEPTION_ACCESS_VIOLATION (0xc0000005) at pc=0x00007ffdb746e429]
GC Heap History (0 events):
No events

Dll operation events (1 events):
Event: 0.007 Loaded shared library C:\Program Files\Java\jdk-22\bin\java.dll

Deoptimization events (0 events):
No events

Classes loaded (0 events):
No events

Classes unloaded (0 events):
No events

Classes redefined (0 events):
No events

Internal exceptions (0 events):
No events

ZGC Phase Switch (0 events):
No events

VM Operations (0 events):
No events

Events (0 events):
No events


Dynamic libraries:
0x00007ff661160000 - 0x00007ff661170000 	C:\Program Files\Java\jdk-22\bin\java.exe
0x00007ffe63910000 - 0x00007ffe63b27000 	C:\WINDOWS\SYSTEM32\ntdll.dll
0x00007ffe61750000 - 0x00007ffe61814000 	C:\WINDOWS\System32\KERNEL32.DLL
0x00007ffe60ef0000 - 0x00007ffe612a7000 	C:\WINDOWS\System32\KERNELBASE.dll
0x00007ffe61520000 - 0x00007ffe61631000 	C:\WINDOWS\System32\ucrtbase.dll
0x00007ffe50f50000 - 0x00007ffe50f6b000 	C:\Program Files\Java\jdk-22\bin\VCRUNTIME140.dll
0x00007ffe473f0000 - 0x00007ffe47407000 	C:\Program Files\Java\jdk-22\bin\jli.dll
0x00007ffe629a0000 - 0x00007ffe62a52000 	C:\WINDOWS\System32\ADVAPI32.dll
0x00007ffe61640000 - 0x00007ffe616e7000 	C:\WINDOWS\System32\msvcrt.dll
0x00007ffe628f0000 - 0x00007ffe62998000 	C:\WINDOWS\System32\sechost.dll
0x00007ffe61350000 - 0x00007ffe61378000 	C:\WINDOWS\System32\bcrypt.dll
0x00007ffe61940000 - 0x00007ffe61a54000 	C:\WINDOWS\System32\RPCRT4.dll
0x00007ffe62c20000 - 0x00007ffe62dcf000 	C:\WINDOWS\System32\USER32.dll
0x00007ffe61380000 - 0x00007ffe613a6000 	C:\WINDOWS\System32\win32u.dll
0x00007ffe4b6e0000 - 0x00007ffe4b973000 	C:\WINDOWS\WinSxS\amd64_microsoft.windows.common-controls_6595b64144ccf1df_6.0.22621.3672_none_2713b9d173822955\COMCTL32.dll
0x00007ffe636e0000 - 0x00007ffe63709000 	C:\WINDOWS\System32\GDI32.dll
0x00007ffe60dd0000 - 0x00007ffe60ee8000 	C:\WINDOWS\System32\gdi32full.dll
0x00007ffe612b0000 - 0x00007ffe6134a000 	C:\WINDOWS\System32\msvcp_win.dll
0x00007ffe57a00000 - 0x00007ffe57a0a000 	C:\WINDOWS\SYSTEM32\VERSION.dll
0x00007ffe61900000 - 0x00007ffe61931000 	C:\WINDOWS\System32\IMM32.DLL
0x00007ffe55430000 - 0x00007ffe5543c000 	C:\Program Files\Java\jdk-22\bin\vcruntime140_1.dll
0x00007ffe44c10000 - 0x00007ffe44c9e000 	C:\Program Files\Java\jdk-22\bin\msvcp140.dll
0x00007ffdb6d30000 - 0x00007ffdb7a77000 	C:\Program Files\Java\jdk-22\bin\server\jvm.dll
0x00007ffe61bb0000 - 0x00007ffe61c21000 	C:\WINDOWS\System32\WS2_32.dll
0x00007ffe60af0000 - 0x00007ffe60b3d000 	C:\WINDOWS\SYSTEM32\POWRPROF.dll
0x00007ffe55f30000 - 0x00007ffe55f64000 	C:\WINDOWS\SYSTEM32\WINMM.dll
0x00007ffe60ad0000 - 0x00007ffe60ae3000 	C:\WINDOWS\SYSTEM32\UMPDC.dll
0x00007ffe5fc70000 - 0x00007ffe5fc88000 	C:\WINDOWS\SYSTEM32\kernel.appcore.dll
0x00007ffe50fe0000 - 0x00007ffe50fea000 	C:\Program Files\Java\jdk-22\bin\jimage.dll
0x00007ffe5dd90000 - 0x00007ffe5dfc2000 	C:\WINDOWS\SYSTEM32\DBGHELP.DLL
0x00007ffe63350000 - 0x00007ffe636de000 	C:\WINDOWS\System32\combase.dll
0x00007ffe61ad0000 - 0x00007ffe61ba7000 	C:\WINDOWS\System32\OLEAUT32.dll
0x00007ffe3e380000 - 0x00007ffe3e3b2000 	C:\WINDOWS\SYSTEM32\dbgcore.DLL
0x00007ffe60ce0000 - 0x00007ffe60d5b000 	C:\WINDOWS\System32\bcryptPrimitives.dll
0x00007ffe4a7f0000 - 0x00007ffe4a80e000 	C:\Program Files\Java\jdk-22\bin\java.dll
0x00007ffe61c90000 - 0x00007ffe624f9000 	C:\WINDOWS\System32\SHELL32.dll
0x00007ffe62a70000 - 0x00007ffe62c15000 	C:\WINDOWS\System32\ole32.dll

dbghelp: loaded successfully - version: 4.0.5 - missing functions: none
symbol engine: initialized successfully - sym options: 0x614 - pdb path: .;C:\Program Files\Java\jdk-22\bin;C:\WINDOWS\SYSTEM32;C:\WINDOWS\WinSxS\amd64_microsoft.windows.common-controls_6595b64144ccf1df_6.0.22621.3672_none_2713b9d173822955;C:\Program Files\Java\jdk-22\bin\server

VM Arguments:
java_command: BusReservationSystem
java_class_path (initial): .
Launcher Type: SUN_STANDARD

[Global flags]
     intx CICompilerCount                          = 4                                         {product} {ergonomic}
     uint ConcGCThreads                            = 2                                         {product} {ergonomic}
     uint G1ConcRefinementThreads                  = 8                                         {product} {ergonomic}
   size_t G1HeapRegionSize                         = 1048576                                   {product} {ergonomic}
   size_t InitialHeapSize                          = 130023424                                 {product} {ergonomic}
   size_t MarkStackSize                            = 4194304                                   {product} {ergonomic}
   size_t MaxHeapSize                              = 2078277632                                {product} {ergonomic}
   size_t MinHeapDeltaBytes                        = 1048576                                   {product} {ergonomic}
   size_t MinHeapSize                              = 8388608                                   {product} {ergonomic}
    uintx NonNMethodCodeHeapSize                   = 5839372                                {pd product} {ergonomic}
    uintx NonProfiledCodeHeapSize                  = 122909434                              {pd product} {ergonomic}
    uintx ProfiledCodeHeapSize                     = 122909434                              {pd product} {ergonomic}
    uintx ReservedCodeCacheSize                    = 251658240                              {pd product} {ergonomic}
     bool SegmentedCodeCache                       = true                                      {product} {ergonomic}
   size_t SoftMaxHeapSize                          = 2078277632                             {manageable} {ergonomic}
     bool UseCompressedOops                        = true                           {product lp64_product} {ergonomic}
     bool UseG1GC                                  = true                                      {product} {ergonomic}
     bool UseLargePagesIndividualAllocation        = false                                  {pd product} {ergonomic}

Logging:
Log output configuration:
 #0: stdout all=warning uptime,level,tags foldmultilines=false
 #1: stderr all=off uptime,level,tags foldmultilines=false

Environment Variables:
PATH=C:\Program Files\Common Files\Oracle\Java\javapath;C:\Program Files\Microsoft MPI\Bin\;C:\WINDOWS\system32;C:\WINDOWS;C:\WINDOWS\System32\Wbem;C:\WINDOWS\System32\WindowsPowerShell\v1.0\;C:\WINDOWS\System32\OpenSSH\;C:\Program Files\dotnet\;C:\Program Files (x86)\Microsoft SQL Server\160\Tools\Binn\;C:\Program Files\Microsoft SQL Server\160\Tools\Binn\;C:\Program Files\Microsoft SQL Server\Client SDK\ODBC\170\Tools\Binn\;C:\Program Files\Microsoft SQL Server\160\DTS\Binn\;C:\Program Files\Azure Data Studio\bin;C:\Program Files (x86)\Microsoft SQL Server\160\DTS\Binn\;C:\Program Files\Microsoft SQL Server\130\Tools\Binn\;C:\Users\dell\AppData\Local\Programs\Python\Python311\Scripts\;C:\Users\dell\AppData\Local\Programs\Python\Python311\;C:\Users\dell\AppData\Local\Microsoft\WindowsApps;C:\Program Files\JetBrains\PyCharm Community Edition 2022.3\bin;;C:\Program Files\Azure Data Studio\bin;C:\Program Files\Azure Data Studio\bin;C:\Users\dell\AppData\Local\Programs\Microsoft VS Code\bin;C:\Program Files\Java\jdk-22\bin;
USERNAME=dell
LANG=en_US.UTF-8
OS=Windows_NT
PROCESSOR_IDENTIFIER=Intel64 Family 6 Model 140 Stepping 1, GenuineIntel
TMP=C:\Users\dell\AppData\Local\Temp
TEMP=C:\Users\dell\AppData\Local\Temp




Periodic native trim disabled

---------------  S Y S T E M  ---------------

OS:
 Windows 11 , 64 bit Build 22621 (10.0.22621.3958)
OS uptime: 0 days 3:52 hours

CPU: total 8 (initial active 8) (4 cores per cpu, 2 threads per core) family 6 model 140 stepping 1 microcode 0xb4, cx8, cmov, fxsr, ht, mmx, 3dnowpref, sse, sse2, sse3, ssse3, sse4.1, sse4.2, popcnt, lzcnt, tsc, tscinvbit, avx, avx2, aes, erms, clmul, bmi1, bmi2, adx, avx512f, avx512dq, avx512cd, avx512bw, avx512vl, sha, fma, vzeroupper, avx512_vpopcntdq, avx512_vpclmulqdq, avx512_vaes, avx512_vnni, clflush, clflushopt, clwb, avx512_vbmi2, avx512_vbmi, rdtscp, rdpid, fsrm, gfni, avx512_bitalg, f16c, pku, cet_ibt, cet_ss, avx512_ifma
Processor Information for all 8 processors :
  Max Mhz: 2419, Current Mhz: 2419, Mhz Limit: 2419

Memory: 4k page, system-wide physical 7926M (495M free)
TotalPageFile size 12797M (AvailPageFile size 109M)
current process WorkingSet (physical memory assigned to process): 12M, peak: 12M
current process commit charge ("private bytes"): 60M, peak: 184M

vm_info: Java HotSpot(TM) 64-Bit Server VM (22.0.1+8-16) for windows-amd64 JRE (22.0.1+8-16), built on 2024-03-12T10:33:16Z by "mach5one" with MS VC++ 17.6 (VS2022)

END.
